20:15:37: INFO Loading face data 
20:15:37: INFO Face data loaded 
20:15:37: INFO Loading config 
20:15:37: INFO Config loaded 
20:15:37: INFO Sending config to arduino 
20:15:37: INFO Config sent 
20:15:37: INFO Received:  V1000 
20:15:42: INFO Received:  K0 
20:15:43: INFO Received:  K3 
20:15:43: INFO Received:  K0 
20:15:43: INFO Received:  K1 
20:15:44: INFO Received:  K0 
20:15:44: INFO Received:  K1 
20:15:44: INFO Received:  K1 
20:15:46: INFO Received:  KC 
20:15:46: INFO Received:  KB 
20:15:48: INFO Received:  KC 
20:15:49: INFO Received:  KB 
20:15:49: INFO Received:  KC 
20:15:50: INFO Received:  KD 
20:15:51: INFO Received:  KA 
20:15:52: INFO Received:  KB 
20:15:53: INFO Received:  K1 
20:15:57: INFO Received:  K1 
20:15:58: INFO Received:  K9 
20:15:59: INFO Received:  K9 
20:15:59: INFO Received:  K7 
20:16:01: INFO Received:  KB 
20:16:01: INFO Password Saved 
20:16:02: INFO Received:  KC 
20:16:02: INFO Received:  KB 
20:16:03: INFO Received:  KC 
20:16:04: INFO Received:  KB 
20:16:05: INFO Received:  KD 
20:16:06: INFO Received:  KB 
20:16:06: INFO Sending config to arduino 
20:16:06: INFO Config sent 
20:16:06: INFO Received:  V1000 
20:16:07: INFO Received:  KC 
20:16:08: INFO Received:  KD 
20:16:08: INFO Received:  KC 
20:16:09: INFO Received:  KB 
20:16:10: INFO Received:  KC 
20:16:10: INFO Received:  KB 
20:16:12: INFO Received:  KB 
20:16:14: INFO Received:  KD 
20:16:15: INFO Received:  KA 
20:16:16: INFO Received:  KB 
20:16:19: INFO Received:  KB 
20:16:20: INFO Received:  KD 
20:16:20: INFO Received:  KD 
20:16:21: INFO Received:  KD 
20:16:21: INFO Received:  K1 
20:16:21: INFO Received:  K1 
20:16:22: INFO Received:  K1 
20:16:22: INFO Received:  KB 
20:16:22: INFO Sending config to arduino 
20:16:22: INFO Config sent 
20:16:23: INFO Received:  V1000 
20:16:24: INFO Received:  KD 
20:16:26: INFO Received:  KC 
20:16:26: INFO Received:  KC 
20:16:27: INFO Received:  KB 
20:16:28: INFO Received:  KC 
20:16:28: INFO Received:  KC 
20:16:28: INFO Received:  KC 
20:16:29: INFO Received:  KC 
20:16:29: INFO Received:  KC 
20:16:29: INFO Received:  KC 
20:16:31: INFO Received:  KB 
20:16:31: INFO Received:  KB 
20:16:34: INFO Received:  KB 
20:16:36: INFO Received:  KB 
