13:19:26: INFO Loading face data 
13:19:26: INFO Face data loaded 
13:19:26: INFO Loading config 
13:19:26: INFO Config loaded 
13:19:26: INFO Sending config to arduino 
13:19:26: INFO Config sent 
13:19:26: INFO Received:  V1000 
13:19:36: INFO Received:  K0 
13:19:36: INFO Received:  K3 
13:19:37: INFO Received:  K0 
13:19:37: INFO Received:  K1 
13:19:37: INFO Received:  K1 
13:19:40: INFO Received:  K0 
13:19:41: INFO Received:  K3 
13:19:41: INFO Received:  K0 
13:19:41: INFO Received:  K1 
13:19:42: INFO Received:  K0 
13:19:42: INFO Received:  K1 
13:19:44: INFO Received:  K1 
13:19:46: INFO Received:  KC 
13:19:46: INFO Received:  KC 
13:19:46: INFO Received:  KC 
13:19:47: INFO Received:  KC 
13:19:47: INFO Received:  KC 
13:19:47: INFO Received:  KC 
13:19:48: INFO Received:  KB 
13:19:54: INFO Received:  KB 
13:20:18: INFO Received:  V445 
13:20:20: INFO Received:  KD 
13:20:21: INFO Received:  KD 
13:20:24: INFO Received:  KC 
13:20:25: INFO Received:  KC 
13:20:26: INFO Received:  KA 
13:20:27: INFO Received:  KA 
13:20:27: INFO Received:  KA 
13:20:29: INFO Received:  KA 
13:20:42: INFO Received:  KB 
13:20:43: INFO Received:  KB 
13:20:52: INFO Received:  KD 
13:20:53: INFO Received:  KD 
13:20:59: INFO Received:  K9 
13:21:00: INFO Received:  K0 
13:21:03: INFO Received:  KB 
13:21:03: INFO Sending config to arduino 
13:21:03: INFO Config sent 
13:21:04: INFO Received:  V1000 
13:21:15: INFO Received:  KD 
13:21:20: INFO Received:  KC 
13:21:20: INFO Received:  KC 
13:21:21: INFO Received:  KC 
13:21:22: INFO Received:  KC 
13:21:25: INFO Received:  KB 
13:21:32: INFO Received:  K1 
13:21:33: INFO Received:  K1 
13:21:33: INFO Received:  K1 
13:21:33: INFO Received:  K1 
13:21:36: INFO Received:  K1 
13:21:36: INFO Received:  K2 
13:21:37: INFO Received:  K3 
13:21:37: INFO Received:  K4 
