20:04:09: INFO Loading face data 
20:04:09: INFO Face data loaded 
20:04:09: INFO Loading config 
20:04:09: INFO Config loaded 
20:04:09: INFO Sending config to arduino 
20:04:09: INFO Config sent 
20:04:09: INFO Received:  V1000 
20:04:11: INFO Received:  K0 
20:04:11: INFO Received:  K3 
20:04:12: INFO Received:  K0 
20:04:12: INFO Received:  K1 
20:04:13: INFO Received:  K0 
20:04:14: INFO Received:  K1 
20:04:14: INFO Received:  K1 
20:04:15: INFO Received:  KC 
20:04:16: INFO Received:  KB 
20:04:17: INFO Received:  KB 
20:04:19: INFO Received:  K2 
20:04:19: INFO Received:  K0 
20:04:20: INFO Received:  K0 
20:04:25: INFO Received:  K3 
20:04:26: INFO Received:  KB 
20:04:26: INFO Password Saved 
20:04:28: INFO Received:  KC 
20:04:28: INFO Received:  KB 
20:04:29: INFO Received:  KC 
20:04:30: INFO Received:  KC 
20:04:30: INFO Received:  KC 
20:04:31: INFO Received:  KA 
20:04:31: INFO Received:  KC 
20:04:32: INFO Received:  KC 
20:04:32: INFO Received:  KC 
20:04:35: INFO Received:  KC 
20:04:53: INFO Received:  KC 
20:04:54: INFO Received:  KB 
20:04:56: INFO Received:  K2 
20:04:57: INFO Received:  K0 
20:04:57: INFO Received:  K0 
20:04:57: INFO Received:  K3 
20:04:58: INFO Received:  K0 
20:05:00: INFO Received:  KD 
20:05:11: INFO Received:  KB 
20:05:11: INFO Sending config to arduino 
20:05:11: INFO Config sent 
20:05:11: INFO Received:  V1000 
20:05:23: INFO Received:  KD 
20:05:23: INFO Received:  KD 
20:05:24: INFO Received:  KD 
20:05:25: INFO Received:  KC 
20:05:26: INFO Received:  KC 
20:05:26: INFO Received:  KC 
20:05:26: INFO Received:  KC 
20:05:27: INFO Received:  KC 
20:05:27: INFO Received:  KC 
20:05:28: INFO Received:  KC 
20:05:28: INFO Received:  KB 
20:05:38: INFO Received:  K2 
20:05:39: INFO Received:  K0 
20:05:40: INFO Received:  K0 
20:05:40: INFO Received:  K3 
20:06:01: INFO Received:  K0 
20:06:01: INFO Received:  K3 
20:06:01: INFO Received:  K0 
20:06:02: INFO Received:  K1 
20:06:02: INFO Received:  K0 
20:06:02: INFO Received:  K1 
20:06:02: INFO Received:  K1 
20:06:04: INFO Received:  KC 
20:06:04: INFO Received:  KC 
20:06:04: INFO Received:  KC 
20:06:04: INFO Received:  KC 
20:06:04: INFO Received:  KC 
20:06:05: INFO Received:  KA 
20:06:05: INFO Received:  KA 
20:06:06: INFO Received:  KA 
20:06:07: INFO Received:  KC 
20:06:08: INFO Received:  KA 
20:06:08: INFO Received:  KA 
20:06:09: INFO Received:  KC 
20:06:10: INFO Received:  KC 
20:06:10: INFO Received:  KC 
20:06:11: INFO Received:  KC 
20:06:13: INFO Received:  KB 
20:06:14: INFO Received:  KB 
20:06:15: INFO Received:  KD 
20:06:15: INFO Received:  KD 
20:06:15: INFO Received:  KD 
20:06:15: INFO Received:  KD 
20:06:15: INFO Received:  KD 
20:06:16: INFO Received:  K2 
20:06:17: INFO Received:  K0 
20:06:17: INFO Received:  K0 
20:06:17: INFO Received:  K0 
20:06:19: INFO Received:  K0 
20:06:20: INFO Received:  KB 
20:06:20: INFO Sending config to arduino 
20:06:20: INFO Config sent 
20:06:20: INFO Received:  V1000 
20:06:22: INFO Received:  KC 
20:06:22: INFO Received:  KB 
20:06:23: INFO Received:  KC 
20:06:25: INFO Received:  KC 
20:06:25: INFO Received:  KC 
20:06:26: INFO Received:  KA 
20:06:27: INFO Received:  KB 
20:06:27: INFO Received:  KB 
20:06:29: INFO Received:  KD 
20:06:30: INFO Received:  KD 
20:06:32: INFO Received:  KC 
20:06:34: INFO Received:  KC 
20:06:35: INFO Received:  KA 
20:06:36: INFO Received:  KC 
20:06:37: INFO Received:  KC 
20:06:38: INFO Received:  KC 
20:06:40: INFO Received:  KC 
20:06:40: INFO Received:  KC 
20:06:41: INFO Received:  KC 
20:06:41: INFO Received:  KC 
20:06:41: INFO Received:  KC 
