13:10:34: INFO Loading face data 
13:10:34: INFO Face data loaded 
13:10:34: INFO Loading config 
13:10:34: INFO Config loaded 
13:10:34: INFO Sending config to arduino 
13:10:34: INFO Config sent 
13:10:34: INFO Received:  V1000 
13:10:47: INFO Received:  K5 
13:10:48: INFO Received:  K5 
13:10:49: INFO Received:  K4 
13:10:49: INFO Received:  K4 
13:11:05: INFO Received:  K9 
13:11:05: INFO Received:  K9 
13:11:07: INFO Received:  K7 
13:11:09: INFO Received:  K7 
13:11:12: INFO Received:  K1 
13:11:13: INFO Received:  K1 
13:11:13: INFO Received:  K1 
13:11:13: INFO Received:  K1 
13:11:29: INFO Received:  K0 
13:11:29: INFO Received:  K3 
13:11:30: INFO Received:  K0 
13:11:30: INFO Received:  K1 
13:11:31: INFO Received:  K0 
13:11:31: INFO Received:  K1 
13:11:32: INFO Received:  K1 
13:11:34: INFO Received:  KC 
13:11:35: INFO Received:  KC 
13:11:36: INFO Received:  KA 
13:11:37: INFO Received:  KB 
13:11:40: INFO Received:  KC 
13:11:42: INFO Received:  KB 
13:11:46: INFO Received:  KC 
13:11:48: INFO Received:  KB 
13:11:49: INFO Received:  KD 
13:11:50: INFO Received:  KD 
13:11:50: INFO Received:  KD 
13:11:52: INFO Received:  KD 
13:11:53: INFO Received:  K4 
13:11:53: INFO Received:  K4 
13:11:54: INFO Received:  K4 
13:11:54: INFO Received:  K4 
13:11:55: INFO Received:  KB 
13:11:55: INFO Sending config to arduino 
13:11:55: INFO Config sent 
13:11:55: INFO Received:  V1000 
13:11:57: INFO Received:  KD 
13:11:58: INFO Received:  KA 
13:11:59: INFO Received:  KB 
13:12:01: INFO Received:  K9 
13:12:01: INFO Received:  K9 
13:12:02: INFO Received:  K5 
13:12:03: INFO Received:  K6 
13:12:04: INFO Received:  KB 
13:12:04: INFO Password Saved 
13:12:07: INFO Received:  KC 
13:12:08: INFO Received:  KB 
13:12:08: INFO Received:  KC 
13:12:09: INFO Received:  KC 
13:12:10: INFO Received:  KA 
13:12:11: INFO Received:  KD 
13:12:12: INFO Received:  KC 
13:12:13: INFO Received:  KB 
13:12:14: INFO Received:  KC 
13:12:14: INFO Received:  KC 
13:12:16: INFO Received:  KB 
13:12:18: INFO Received:  KB 
13:12:20: INFO Received:  KD 
13:12:22: INFO Received:  KB 
13:12:23: INFO Received:  KC 
13:12:23: INFO Received:  KC 
13:12:24: INFO Received:  KC 
13:12:25: INFO Received:  KC 
13:12:25: INFO Received:  KD 
13:12:28: INFO Received:  KD 
13:12:29: INFO Received:  KC 
13:12:37: INFO Received:  KB 
13:12:41: INFO Received:  KB 
13:12:45: INFO Received:  KB 
13:12:47: INFO No face detected 
13:12:52: INFO New face added:Face_2 
13:12:56: INFO Received:  KD 
13:12:58: INFO Received:  KB 
13:12:59: INFO Received:  KC 
13:12:59: INFO Received:  KB 
13:13:00: INFO Received:  KC 
13:13:01: INFO Received:  KC 
13:13:01: INFO Received:  KC 
13:13:05: INFO Received:  KD 
13:13:08: INFO Received:  KD 
13:13:09: INFO Received:  KC 
13:13:09: INFO Received:  KC 
13:13:09: INFO Received:  KC 
13:13:10: INFO Received:  KC 
13:13:10: INFO Received:  KC 
13:13:11: INFO Received:  KC 
13:13:12: INFO Received:  KC 
13:13:13: INFO Received:  KC 
13:13:13: INFO Received:  KC 
13:13:13: INFO Received:  KC 
13:13:14: INFO Received:  KC 
13:13:14: INFO Received:  KC 
13:13:14: INFO Received:  KC 
13:13:15: INFO Received:  KC 
13:13:16: INFO Received:  KC 
13:13:16: INFO Received:  KC 
13:13:17: INFO Received:  KC 
13:13:17: INFO Received:  KC 
13:13:17: INFO Received:  KC 
13:13:17: INFO Received:  KC 
13:13:18: INFO Received:  KC 
13:13:18: INFO Received:  KC 
13:13:19: INFO Received:  KC 
13:13:19: INFO Received:  KC 
13:13:20: INFO Received:  KB 
13:13:36: INFO Received:  K1 
13:13:37: INFO Received:  KD 
