13:22:55: INFO Loading face data 
13:22:55: INFO Face data loaded 
13:22:55: INFO Loading config 
13:22:55: INFO Config loaded 
13:22:55: INFO Sending config to arduino 
13:22:55: INFO Config sent 
13:22:55: INFO Received:  V600 
13:23:00: INFO Received:  K1 
13:23:00: INFO Received:  K2 
13:23:00: INFO Received:  K3 
13:23:03: INFO Received:  K4 
13:23:18: INFO Received:  K1 
13:23:19: INFO Received:  K2 
13:23:19: INFO Received:  K3 
13:23:19: INFO Received:  K5 
13:23:27: INFO Received:  K0 
13:23:27: INFO Received:  K3 
13:23:28: INFO Received:  K0 
13:23:28: INFO Received:  K1 
13:23:28: INFO Received:  K0 
13:23:29: INFO Received:  K1 
13:23:29: INFO Received:  K1 
13:23:35: INFO Received:  KC 
13:23:38: INFO Received:  KC 
13:23:40: INFO Received:  KC 
13:23:46: INFO Received:  KC 
13:23:47: INFO Received:  KC 
13:23:49: INFO Received:  KD 
13:23:54: INFO Received:  KB 
13:23:56: INFO Received:  KB 
13:23:59: INFO Received:  KD 
13:24:00: INFO Received:  KD 
13:24:00: INFO Received:  KD 
13:24:01: INFO Received:  KD 
13:24:01: INFO Received:  KD 
13:24:07: INFO Received:  K3 
13:24:07: INFO Received:  K0 
13:24:08: INFO Received:  K0 
13:24:08: INFO Received:  K0 
13:24:13: INFO Received:  KD 
13:24:13: INFO Received:  KD 
13:24:13: INFO Received:  KD 
13:24:13: INFO Received:  KD 
13:24:14: INFO Received:  K5 
13:24:15: INFO Received:  K0 
13:24:15: INFO Received:  K0 
13:24:15: INFO Received:  K0 
13:24:17: INFO Received:  KB 
13:24:17: INFO Sending config to arduino 
13:24:17: INFO Config sent 
13:24:17: INFO Received:  V600 
13:24:20: INFO Received:  KC 
13:24:21: INFO Received:  KB 
13:24:24: INFO Received:  KC 
13:24:28: INFO Received:  KC 
13:24:30: INFO Received:  KB 
13:24:31: INFO Received:  KB 
13:24:37: INFO Received:  KD 
13:24:39: INFO Received:  KC 
13:24:40: INFO Received:  KB 
13:24:42: INFO Received:  KC 
13:24:42: INFO Received:  KC 
13:24:43: INFO Received:  KC 
13:24:46: INFO Received:  KB 
13:24:48: INFO Received:  KC 
13:24:48: INFO Received:  KB 
13:24:53: INFO Received:  KB 
13:24:54: INFO Received:  KB 
13:24:54: INFO Sending config to arduino 
13:24:54: INFO Config sent 
13:24:54: INFO Received:  V600 
13:24:56: INFO Received:  KD 
13:24:58: INFO Received:  KC 
13:24:59: INFO Received:  KC 
13:25:00: INFO Received:  KC 
13:25:04: INFO Received:  KB 
13:25:06: INFO Received:  KC 
13:25:06: INFO Received:  KB 
13:25:06: INFO Password Saved 
13:25:09: INFO Received:  KB 
13:25:13: INFO Received:  KB 
13:25:13: INFO Password Saved 
13:25:16: INFO Received:  KB 
13:25:16: INFO Received:  KC 
13:25:21: INFO Received:  KD 
13:25:22: INFO Received:  KD 
13:25:24: INFO Received:  KB 
13:25:25: INFO Received:  KB 
13:25:28: INFO Received:  KB 
13:25:28: INFO Password Saved 
13:25:30: INFO Received:  KB 
13:25:32: INFO Received:  KA 
13:25:34: INFO Received:  KD 
13:25:35: INFO Received:  KD 
13:25:37: INFO Received:  KC 
13:25:39: INFO Received:  KB 
13:25:39: INFO Received:  KB 
13:25:43: INFO Received:  KD 
13:25:45: INFO New face added:Face_2 
13:25:46: INFO Received:  KC 
13:25:47: INFO Received:  KD 
13:25:50: INFO Received:  KC 
13:25:50: INFO Received:  KC 
13:25:51: INFO Received:  KC 
13:25:51: INFO Received:  KC 
13:25:52: INFO Received:  KC 
13:25:54: INFO Received:  KC 
13:25:55: INFO Received:  KC 
13:25:56: INFO Received:  KC 
13:25:57: INFO Received:  KB 
13:25:59: INFO Received:  KB 
