20:00:26: INFO Loading face data 
20:00:26: INFO Face data loaded 
20:00:26: INFO Loading config 
20:00:26: INFO Config loaded 
20:00:26: INFO Sending config to arduino 
20:00:26: INFO Config sent 
20:00:26: INFO Received:  V1000 
20:00:34: INFO Received:  K0 
20:00:34: INFO Received:  K3 
20:00:34: INFO Received:  K0 
20:00:34: INFO Received:  K1 
20:00:35: INFO Received:  K0 
20:00:35: INFO Received:  K1 
20:00:35: INFO Received:  K1 
20:00:36: INFO Received:  KC 
20:00:36: INFO Received:  KC 
20:00:37: INFO Received:  KB 
20:00:38: INFO Received:  KB 
20:00:39: INFO Received:  KB 
20:00:40: INFO No face detected 
20:00:44: INFO No face detected 
20:00:49: INFO No face detected 
20:00:53: INFO No face detected 
20:00:58: INFO New face added:Face_2 
20:01:03: INFO Received:  KD 
20:01:05: INFO Received:  KC 
20:01:09: INFO Received:  KC 
20:01:11: INFO Received:  KB 
20:01:11: INFO Received:  KB 
20:01:15: INFO Received:  KD 
20:01:15: INFO Received:  KD 
20:01:16: INFO Received:  K9 
20:01:17: INFO Received:  K0 
20:01:18: INFO Received:  KB 
20:01:18: INFO Sending config to arduino 
20:01:18: INFO Config sent 
20:01:18: INFO Received:  V1000 
20:01:19: INFO Received:  KC 
20:01:19: INFO Received:  KB 
20:01:21: INFO Received:  KC 
20:01:21: INFO Received:  KC 
20:01:22: INFO Received:  KC 
20:01:22: INFO Received:  KC 
20:01:23: INFO Received:  KA 
20:01:25: INFO Received:  KB 
20:01:26: INFO Received:  KB 
20:01:26: INFO Received:  KB 
20:01:28: INFO Received:  KC 
20:01:29: INFO Received:  KB 
20:01:31: INFO Received:  KC 
20:01:32: INFO Received:  KB 
20:01:41: INFO Received:  K1 
20:01:42: INFO Received:  K1 
20:01:42: INFO Received:  K2 
20:01:43: INFO Received:  K9 
20:01:46: INFO Received:  K5 
20:01:46: INFO Received:  K5 
20:01:49: INFO Received:  K9 
20:01:49: INFO Received:  K9 
20:01:52: INFO Received:  K0 
20:01:52: INFO Received:  K3 
20:01:53: INFO Received:  K0 
20:01:53: INFO Received:  K1 
20:01:54: INFO Received:  K0 
20:01:54: INFO Received:  K1 
20:01:55: INFO Received:  K1 
20:01:57: INFO Received:  KB 
20:02:02: INFO Received:  K1 
20:02:02: INFO Received:  K2 
20:02:03: INFO Received:  K3 
20:02:03: INFO Received:  K4 
20:02:29: INFO Received:  K0 
20:02:30: INFO Received:  K3 
20:02:30: INFO Received:  K0 
20:02:30: INFO Received:  K1 
20:02:31: INFO Received:  K0 
20:02:31: INFO Received:  K1 
20:02:31: INFO Received:  K1 
20:02:32: INFO Received:  KA 
20:02:33: INFO Received:  KA 
20:02:33: INFO Received:  KA 
20:02:34: INFO Received:  KB 
20:02:35: INFO Received:  KB 
20:02:37: INFO Received:  KB 
20:02:37: INFO Sending config to arduino 
20:02:37: INFO Config sent 
20:02:37: INFO Received:  V1000 
20:02:39: INFO Received:  KB 
20:02:42: INFO Received:  KB 
20:02:42: INFO Sending config to arduino 
20:02:42: INFO Config sent 
20:02:42: INFO Received:  V1000 
20:02:45: INFO Received:  KD 
20:02:48: INFO Received:  KA 
20:02:48: INFO Received:  KA 
20:02:49: INFO Received:  KC 
20:02:49: INFO Received:  KB 
20:02:50: INFO Received:  KB 
20:02:51: INFO Received:  KD 
20:02:53: INFO Received:  KD 
20:02:53: INFO Received:  KB 
20:02:53: INFO Sending config to arduino 
