18:57:43: INFO Loading face data 
18:57:43: INFO Face data loaded 
18:57:43: INFO Loading config 
18:57:43: INFO Config loaded 
18:57:43: INFO Sending config to arduino 
18:57:43: INFO Config sent 
18:57:43: INFO Received:  V1000 
18:57:48: INFO Received:  K0 
18:57:48: INFO Received:  K3 
18:57:48: INFO Received:  K0 
18:57:49: INFO Received:  K1 
18:57:49: INFO Received:  K0 
18:57:49: INFO Received:  K1 
18:57:49: INFO Received:  K1 
18:57:50: INFO Received:  KC 
18:57:51: INFO Received:  KB 
18:57:52: INFO Received:  KB 
18:57:53: INFO Received:  K8 
18:57:53: INFO Received:  K8 
18:57:53: INFO Received:  K5 
18:57:54: INFO Received:  K5 
18:57:54: INFO Received:  K4 
18:57:55: INFO Received:  K4 
18:57:56: INFO Received:  KB 
18:57:56: INFO Password Saved 
18:57:58: INFO Received:  KC 
18:57:58: INFO Received:  KB 
18:57:59: INFO Received:  KC 
18:57:59: INFO Received:  KC 
18:58:01: INFO Received:  KC 
18:58:04: INFO Received:  KB 
18:58:05: INFO Received:  KD 
18:58:06: INFO Received:  KD 
18:58:06: INFO Received:  KD 
18:58:06: INFO Received:  KD 
18:58:07: INFO Received:  KD 
18:58:08: INFO Received:  KD 
18:58:08: INFO Received:  K1 
18:58:08: INFO Received:  K1 
18:58:42: INFO Received:  KD 
18:58:42: INFO Received:  KD 
18:58:42: INFO Received:  KD 
18:58:43: INFO Received:  KD 
18:58:43: INFO Received:  KD 
18:58:43: INFO Received:  KD 
18:58:43: INFO Received:  KD 
18:58:44: INFO Received:  KD 
18:58:44: INFO Received:  KD 
18:58:44: INFO Received:  KD 
18:58:44: INFO Received:  KD 
18:58:45: INFO Received:  KD 
18:58:46: INFO Received:  KD 
18:58:46: INFO Received:  KD 
18:58:46: INFO Received:  KD 
18:58:47: INFO Received:  KD 
18:58:47: INFO Received:  KD 
18:58:47: INFO Received:  KD 
18:58:47: INFO Received:  KD 
18:58:48: INFO Received:  KD 
18:58:48: INFO Received:  KD 
18:58:48: INFO Received:  KD 
18:58:49: INFO Received:  KD 
18:58:49: INFO Received:  KD 
18:58:50: INFO Received:  KB 
18:58:52: INFO Received:  KB 
18:58:53: INFO Received:  KB 
18:58:53: INFO Received:  KB 
18:58:53: INFO Received:  K1 
18:58:54: INFO Received:  K1 
18:58:54: INFO Received:  KB 
18:58:55: INFO Received:  K5 
18:58:56: INFO Received:  K5 
18:58:56: INFO Received:  K5 
18:58:56: INFO Received:  K5 
18:58:56: INFO Received:  KB 
18:59:01: INFO Received:  KB 
18:59:02: INFO Received:  KD 
18:59:04: INFO Received:  K4 
