13:34:04: INFO Loading face data 
13:34:04: INFO Face data loaded 
13:34:04: INFO Loading config 
13:34:04: INFO Config loaded 
13:34:04: INFO Sending config to arduino 
13:34:04: INFO Sent: A60000 
13:34:04: INFO Sent: E52431.0 
13:34:04: INFO Sent: T20000 
13:34:04: INFO Sent: V600 
13:34:04: INFO Config sent 
13:34:25: INFO Loading face data 
13:34:25: INFO Face data loaded 
13:34:25: INFO Loading config 
13:34:25: INFO Config loaded 
13:34:25: INFO Sending config to arduino 
13:34:25: INFO Sent: A60000 
13:34:25: INFO Sent: E52431.0 
13:34:25: INFO Sent: T20000 
13:34:25: INFO Sent: V600 
13:34:25: INFO Config sent 
13:34:36: INFO Loading face data 
13:34:36: INFO Face data loaded 
13:34:36: INFO Loading config 
13:34:36: INFO Config loaded 
13:34:36: INFO Sending config to arduino 
13:34:36: INFO Sent: A60000 
13:34:36: INFO Sent: E52431.0 
13:34:36: INFO Sent: T20000 
13:34:36: INFO Sent: V600 
13:34:36: INFO Config sent 
13:34:53: INFO Loading face data 
13:34:53: INFO Face data loaded 
13:34:53: INFO Loading config 
13:34:53: INFO Config loaded 
13:34:53: INFO Sending config to arduino 
13:34:53: INFO Sent: A60000 
13:34:53: INFO Sent: E52431.0 
13:34:53: INFO Sent: T20000 
13:34:53: INFO Sent: V600 
13:34:53: INFO Config sent 
