13:05:13: INFO Loading face data 
13:05:13: INFO Face data loaded 
13:05:13: INFO Loading config 
13:05:13: INFO Config loaded 
13:05:13: INFO Sending config to arduino 
13:05:13: INFO Config sent 
13:05:13: INFO Received:  V1000 
13:06:54: INFO Received:  K1 
13:06:54: INFO Received:  K1 
13:06:55: INFO Received:  K1 
13:06:57: INFO Received:  KD 
13:06:58: INFO Received:  KD 
13:06:58: INFO Received:  KD 
13:06:59: INFO Received:  K6 
13:06:59: INFO Received:  K6 
13:07:00: INFO Received:  K6 
13:07:00: INFO Received:  K1 
13:07:04: INFO Received:  K9 
13:07:04: INFO Received:  K9 
13:07:04: INFO Received:  K4 
13:07:05: INFO Received:  K4 
13:07:11: INFO Received:  K1 
13:07:11: INFO Received:  K1 
13:07:11: INFO Received:  K2 
13:07:12: INFO Received:  K8 
13:07:14: INFO Received:  K1 
13:07:14: INFO Received:  K2 
13:07:15: INFO Received:  K3 
13:07:15: INFO Received:  K4 
13:07:18: INFO Received:  K0 
13:07:18: INFO Received:  K3 
13:07:18: INFO Received:  K0 
13:07:19: INFO Received:  K1 
13:07:19: INFO Received:  K0 
13:07:20: INFO Received:  K1 
13:07:20: INFO Received:  K1 
13:07:21: INFO Received:  KC 
13:07:22: INFO Received:  KB 
13:07:23: INFO Received:  KC 
13:07:24: INFO Received:  KB 
13:07:26: INFO Received:  KD 
13:07:27: INFO Received:  KA 
13:07:27: INFO Received:  KB 
13:07:29: INFO Received:  K1 
13:07:29: INFO Received:  K2 
13:07:30: INFO Received:  K3 
13:07:30: INFO Received:  K4 
13:07:31: INFO Received:  KB 
13:07:31: INFO Password Saved 
13:07:32: INFO Received:  KC 
13:07:32: INFO Received:  KC 
13:07:33: INFO Received:  KC 
13:07:33: INFO Received:  KB 
13:07:34: INFO Received:  KC 
13:07:35: INFO Received:  KC 
13:07:35: INFO Received:  KC 
13:07:37: INFO Received:  KB 
13:07:38: INFO Received:  KB 
13:07:40: INFO Received:  KD 
13:07:43: INFO Received:  KD 
13:07:43: INFO Received:  K1 
13:07:45: INFO Received:  KD 
13:07:46: INFO Received:  K9 
13:07:47: INFO Received:  K0 
13:07:48: INFO Received:  KB 
13:07:48: INFO Sending config to arduino 
13:07:48: INFO Config sent 
13:07:48: INFO Received:  V1000 
13:07:49: INFO Received:  KC 
13:07:49: INFO Received:  KB 
13:07:50: INFO Received:  KC 
13:07:50: INFO Received:  KC 
13:07:52: INFO Received:  KC 
13:07:53: INFO Received:  KB 
13:07:53: INFO Received:  KB 
13:07:55: INFO Received:  KD 
13:07:56: INFO Received:  KD 
13:07:58: INFO Received:  KA 
13:08:03: INFO Received:  KC 
13:08:04: INFO Received:  KB 
13:08:05: INFO Received:  KB 
13:08:06: INFO Received:  KB 
13:08:07: INFO Received:  KB 
13:08:08: INFO Received:  KD 
13:08:09: INFO Received:  KB 
13:08:09: INFO Received:  KD 
13:08:09: INFO Received:  KD 
13:08:11: INFO Received:  KD 
13:08:12: INFO Received:  KD 
13:08:12: INFO Received:  KA 
13:08:14: INFO Received:  KC 
13:08:14: INFO Received:  KA 
13:08:21: INFO Received:  KB 
13:08:23: INFO Received:  KB 
13:08:36: INFO Received:  V698 
13:08:41: INFO Received:  KD 
