18:59:56: INFO Loading face data 
18:59:56: INFO Face data loaded 
18:59:56: INFO Loading config 
18:59:56: INFO Config loaded 
18:59:56: INFO Sending config to arduino 
18:59:56: INFO Config sent 
18:59:56: INFO Received:  V1000 
19:00:12: INFO Received:  K0 
19:00:12: INFO Received:  K3 
19:00:13: INFO Received:  K0 
19:00:13: INFO Received:  K1 
19:00:13: INFO Received:  K0 
19:00:13: INFO Received:  K0 
19:00:16: INFO Received:  K0 
19:00:16: INFO Received:  K0 
19:00:16: INFO Received:  K3 
19:00:17: INFO Received:  KD 
19:00:18: INFO Received:  KD 
19:00:18: INFO Received:  KD 
19:00:18: INFO Received:  K0 
19:00:19: INFO Received:  K3 
19:00:20: INFO Received:  K0 
19:00:20: INFO Received:  K1 
19:00:20: INFO Received:  K0 
19:00:21: INFO Received:  K1 
19:00:21: INFO Received:  K1 
19:00:22: INFO Received:  KC 
19:00:23: INFO Received:  KB 
19:00:25: INFO Received:  KB 
19:00:26: INFO Received:  K5 
19:00:30: INFO Received:  K5 
19:00:31: INFO Received:  K1 
19:00:33: INFO Received:  K4 
19:00:34: INFO Received:  K4 
19:00:35: INFO Received:  KB 
19:00:35: INFO Password Saved 
19:00:36: INFO Received:  KC 
19:00:36: INFO Received:  KC 
19:00:36: INFO Received:  KC 
19:00:38: INFO Received:  KA 
19:00:38: INFO Received:  KA 
19:00:39: INFO Received:  KB 
19:00:45: INFO Received:  KC 
19:00:46: INFO Received:  KB 
19:00:48: INFO Received:  KD 
19:00:48: INFO Received:  KD 
19:00:49: INFO Received:  KB 
19:01:17: INFO Received:  K1 
