20:18:54: INFO Loading face data 
20:18:54: INFO Face data loaded 
20:18:54: INFO Loading config 
20:18:54: INFO Config loaded 
20:18:54: INFO Sending config to arduino 
20:18:54: INFO Config sent 
20:18:54: INFO Received:  V1000 
20:19:05: INFO Received:  K0 
20:19:06: INFO Received:  K3 
20:19:06: INFO Received:  K0 
20:19:07: INFO Received:  K1 
20:19:07: INFO Received:  K0 
20:19:07: INFO Received:  K1 
20:19:08: INFO Received:  K1 
20:19:10: INFO Received:  KC 
20:19:10: INFO Received:  KC 
20:19:10: INFO Received:  KC 
20:19:10: INFO Received:  KC 
20:19:12: INFO Received:  K5 
20:19:14: INFO Received:  KB 
20:19:18: INFO Received:  KB 
20:19:20: INFO Received:  KD 
20:19:26: INFO Received:  KD 
20:19:28: INFO Received:  K9 
20:19:28: INFO Received:  K9 
20:19:29: INFO Received:  KB 
20:19:29: INFO Sending config to arduino 
20:19:29: INFO Config sent 
20:19:29: INFO Received:  V1000 
20:19:31: INFO Received:  KB 
20:19:32: INFO Received:  KD 
20:19:32: INFO Received:  KD 
20:19:33: INFO Received:  K1 
20:19:33: INFO Received:  K0 
20:19:33: INFO Received:  K0 
20:19:34: INFO Received:  KB 
20:19:34: INFO Sending config to arduino 
20:19:34: INFO Config sent 
20:19:34: INFO Received:  V1000 
20:19:35: INFO Received:  KC 
20:19:35: INFO Received:  KB 
20:19:36: INFO Received:  KC 
20:19:36: INFO Received:  KC 
20:19:37: INFO Received:  KA 
20:19:37: INFO Received:  KB 
20:19:38: INFO Received:  KB 
20:19:39: INFO Received:  KD 
20:19:39: INFO Received:  KD 
20:19:39: INFO Received:  KD 
20:19:40: INFO Received:  KD 
20:19:40: INFO Received:  KD 
20:19:41: INFO Received:  K5 
20:19:41: INFO Received:  K0 
20:19:42: INFO Received:  K0 
20:19:42: INFO Received:  K0 
20:19:43: INFO Received:  KB 
20:19:43: INFO Sending config to arduino 
20:19:43: INFO Config sent 
20:19:43: INFO Received:  V1000 
20:19:44: INFO Received:  KC 
20:19:44: INFO Received:  KB 
20:19:45: INFO Received:  KC 
20:19:46: INFO Received:  KC 
20:19:48: INFO Received:  KA 
20:19:49: INFO Received:  KB 
20:19:51: INFO Received:  KB 
20:20:03: INFO Received:  V1090 
20:20:08: INFO Received:  K0 
20:20:21: INFO Received:  V831 
20:20:22: INFO Received:  KD 
20:20:25: INFO Received:  KC 
20:20:29: INFO Received:  KC 
20:20:30: INFO Received:  KC 
20:20:31: INFO Received:  KC 
20:20:31: INFO Received:  KC 
20:20:32: INFO Received:  KC 
20:20:32: INFO Received:  KC 
20:20:33: INFO Received:  KB 
20:20:34: INFO Received:  KB 
20:20:35: INFO Received:  KD 
20:20:36: INFO Received:  KD 
20:20:36: INFO Received:  KD 
20:20:36: INFO Received:  K9 
20:20:37: INFO Received:  K9 
20:20:37: INFO Received:  KB 
20:20:37: INFO Sending config to arduino 
20:20:37: INFO Config sent 
20:20:37: INFO Received:  V1000 
20:21:10: INFO Received:  KD 
20:21:11: INFO Received:  KD 
20:21:11: INFO Received:  KC 
20:21:12: INFO Received:  KC 
20:21:12: INFO Received:  KC 
20:21:12: INFO Received:  KC 
20:21:14: INFO Received:  KB 
20:21:18: INFO Received:  K1 
20:21:19: INFO Received:  K2 
20:21:19: INFO Received:  K3 
20:21:19: INFO Received:  K4 
20:21:22: INFO Received:  K1 
20:21:22: INFO Received:  K1 
20:21:23: INFO Received:  K1 
20:21:23: INFO Received:  K1 
20:21:31: INFO Received:  KD 
20:21:33: INFO Received:  K0 
20:21:33: INFO Received:  K3 
20:21:34: INFO Received:  K0 
20:21:34: INFO Received:  K1 
20:21:34: INFO Received:  K1 
20:21:37: INFO Received:  K0 
20:21:37: INFO Received:  K3 
20:21:38: INFO Received:  K0 
20:21:38: INFO Received:  K1 
20:21:39: INFO Received:  K0 
20:21:39: INFO Received:  K1 
20:21:40: INFO Received:  K1 
20:21:41: INFO Received:  KC 
20:21:41: INFO Received:  KC 
20:21:41: INFO Received:  KC 
20:21:43: INFO Received:  KC 
20:21:44: INFO Received:  KB 
20:21:45: INFO Received:  KB 
20:21:46: INFO Received:  KD 
20:21:46: INFO Received:  KD 
20:21:48: INFO Received:  K8 
20:21:49: INFO Received:  K0 
20:21:50: INFO Received:  KB 
20:21:50: INFO Sending config to arduino 
20:21:50: INFO Config sent 
20:21:50: INFO Received:  V1000 
20:21:50: INFO Received:  KC 
20:21:51: INFO Received:  KB 
20:21:52: INFO Received:  KC 
20:21:53: INFO Received:  KC 
20:21:55: INFO Received:  KB 
20:21:55: INFO Received:  KB 
20:21:56: INFO Received:  V1000 
20:21:57: INFO Received:  KB 
20:21:57: INFO Received:  V1000 
20:22:00: INFO Received:  KD 
20:22:01: INFO Received:  KB 
20:22:01: INFO Received:  KB 
20:22:01: INFO Received:  V1000 
20:22:06: INFO Received:  KB 
20:22:23: INFO Received:  V595 
20:22:25: INFO Received:  KC 
20:22:27: INFO Received:  KB 
20:22:30: INFO Received:  KC 
20:22:30: INFO Received:  KC 
20:22:30: INFO Received:  KC 
20:22:32: INFO Received:  KC 
20:22:32: INFO Received:  KC 
20:22:32: INFO Received:  KC 
20:22:32: INFO Received:  KC 
20:22:32: INFO Received:  KC 
20:22:33: INFO Received:  KC 
20:22:33: INFO Received:  KC 
20:22:34: INFO Received:  KC 
20:22:34: INFO Received:  KC 
20:22:35: INFO Received:  KC 
20:22:35: INFO Received:  KC 
20:22:35: INFO Received:  KC 
20:22:35: INFO Received:  KC 
20:22:36: INFO Received:  KC 
20:22:36: INFO Received:  KC 
20:22:37: INFO Received:  KC 
20:22:37: INFO Received:  KC 
20:22:38: INFO Received:  KB 
20:22:42: INFO Received:  K1 
20:22:42: INFO Received:  K1 
20:22:42: INFO Received:  K1 
20:22:43: INFO Received:  K1 
20:22:58: INFO Received:  K0 
20:22:58: INFO Received:  K3 
20:22:59: INFO Received:  K0 
20:22:59: INFO Received:  K1 
20:23:00: INFO Received:  K0 
20:23:00: INFO Received:  K1 
20:23:00: INFO Received:  K1 
20:23:01: INFO Received:  KC 
20:23:01: INFO Received:  KC 
20:23:02: INFO Received:  KC 
20:23:03: INFO Received:  KC 
20:23:03: INFO Received:  KC 
20:23:04: INFO Received:  KC 
20:23:05: INFO Received:  KC 
20:23:08: INFO Received:  KC 
20:23:09: INFO Received:  KA 
20:23:10: INFO Received:  KA 
20:23:10: INFO Received:  KA 
20:23:10: INFO Received:  KA 
20:23:11: INFO Received:  KA 
20:23:11: INFO Received:  KA 
20:23:14: INFO Received:  KB 
20:23:15: INFO Received:  KC 
20:23:15: INFO Received:  KB 
20:23:16: INFO Received:  KB 
