19:47:24: INFO Loading face data 
19:47:24: INFO Face data loaded 
19:47:24: INFO Loading config 
19:47:24: INFO Config loaded 
19:47:24: INFO Sending config to arduino 
19:47:24: INFO Config sent 
19:47:24: INFO Received:  V1000 
19:47:27: INFO Received:  K0 
19:47:27: INFO Received:  K3 
19:47:27: INFO Received:  K0 
19:47:27: INFO Received:  K1 
19:47:27: INFO Received:  K0 
19:47:28: INFO Received:  K1 
19:47:28: INFO Received:  K1 
19:47:29: INFO Received:  KC 
19:47:30: INFO Received:  KC 
19:47:32: INFO Received:  KC 
19:47:32: INFO Received:  KB 
19:47:33: INFO Received:  KB 
19:47:36: INFO Received:  KD 
19:47:36: INFO Received:  KD 
19:47:36: INFO Received:  KD 
19:47:36: INFO Received:  KD 
19:47:36: INFO Received:  KD 
19:47:37: INFO Received:  KD 
19:47:38: INFO Received:  KB 
19:47:39: INFO Received:  KD 
19:47:39: INFO Received:  KD 
19:47:40: INFO Received:  KD 
19:47:40: INFO Received:  KD 
19:47:40: INFO Received:  KD 
19:47:41: INFO Received:  K1 
19:47:42: INFO Received:  K0 
19:47:42: INFO Received:  K0 
19:47:42: INFO Received:  K0 
19:47:43: INFO Received:  K0 
19:47:46: INFO Received:  KB 
19:47:46: INFO Sending config to arduino 
19:47:46: INFO Config sent 
19:47:46: INFO Received:  V1000 
19:47:47: INFO Received:  KC 
19:47:48: INFO Received:  KB 
19:47:48: INFO Received:  KC 
19:47:50: INFO Received:  KB 
19:47:51: INFO Received:  KB 
19:47:53: INFO Received:  KD 
19:47:53: INFO Received:  KD 
19:47:56: INFO Received:  K7 
19:47:56: INFO Received:  K5 
19:47:58: INFO Received:  KB 
19:47:58: INFO Sending config to arduino 
19:47:58: INFO Config sent 
19:47:58: INFO Received:  V1000 
19:47:59: INFO Received:  KC 
19:47:59: INFO Received:  KB 
19:48:00: INFO Received:  KC 
19:48:02: INFO Received:  KB 
19:48:03: INFO Received:  KB 
19:48:05: INFO Received:  KD 
19:48:05: INFO Received:  KD 
19:48:05: INFO Received:  KD 
19:48:05: INFO Received:  KD 
19:48:06: INFO Received:  KD 
19:48:07: INFO Received:  K2 
19:48:07: INFO Received:  K0 
19:48:07: INFO Received:  K0 
19:48:08: INFO Received:  K0 
19:48:08: INFO Received:  K0 
19:48:09: INFO Received:  KB 
19:48:09: INFO Sending config to arduino 
19:48:09: INFO Config sent 
19:48:09: INFO Received:  V1000 
19:48:10: INFO Received:  KC 
19:48:10: INFO Received:  KB 
19:48:11: INFO Received:  KC 
19:48:12: INFO Received:  KC 
19:48:14: INFO Received:  KB 
19:48:15: INFO Received:  KB 
19:48:48: INFO Received:  KD 
19:48:49: INFO Received:  KC 
19:48:50: INFO Received:  KB 
19:48:52: INFO Received:  KC 
19:48:53: INFO Received:  KB 
19:48:58: INFO Received:  K1 
19:48:59: INFO Received:  K1 
19:49:01: INFO Received:  K5 
19:49:01: INFO Received:  K5 
19:49:04: INFO Received:  K1 
19:49:05: INFO Received:  K5 
19:49:05: INFO Received:  K5 
19:49:05: INFO Received:  K5 
19:49:24: INFO Received:  K1 
19:49:24: INFO Received:  K2 
19:49:25: INFO Received:  K3 
19:49:25: INFO Received:  K4 
19:50:36: INFO Received:  K8 
19:50:40: INFO Received:  K4 
19:51:00: INFO Received:  K5 
19:51:10: INFO Received:  K4 
19:51:12: INFO Received:  K8 
19:51:14: INFO Received:  K5 
19:51:15: INFO Received:  K5 
19:51:16: INFO Received:  K5 
19:51:19: INFO Received:  K9 
19:51:25: INFO Received:  K9 
