19:03:33: INFO Loading face data 
19:03:33: INFO Face data loaded 
19:03:33: INFO Loading config 
19:03:33: INFO Config loaded 
19:03:33: INFO Sending config to arduino 
19:03:33: INFO Config sent 
19:03:33: INFO Received:  V1000 
19:03:35: INFO Received:  K0 
19:03:36: INFO Received:  K3 
19:03:36: INFO Received:  K0 
19:03:36: INFO Received:  K1 
19:03:36: INFO Received:  K0 
19:03:37: INFO Received:  K1 
19:03:37: INFO Received:  K1 
19:03:38: INFO Received:  KC 
19:03:39: INFO Received:  KB 
19:03:40: INFO Received:  KB 
19:03:41: INFO Received:  K5 
19:03:42: INFO Received:  K5 
19:03:42: INFO Received:  K4 
19:03:42: INFO Received:  K4 
19:03:43: INFO Received:  K1 
19:03:43: INFO Received:  K6 
19:03:44: INFO Received:  KB 
19:03:44: INFO Password Saved 
19:03:46: INFO Received:  KC 
19:03:46: INFO Received:  KB 
19:03:47: INFO Received:  KC 
19:03:48: INFO Received:  KB 
19:03:49: INFO Received:  KD 
19:03:49: INFO Received:  KD 
19:03:49: INFO Received:  KD 
19:03:50: INFO Received:  KB 
19:03:54: INFO Received:  KC 
19:03:55: INFO Received:  KC 
19:03:55: INFO Received:  KC 
19:03:56: INFO Received:  KD 
19:03:57: INFO Received:  KC 
19:03:59: INFO Received:  KB 
19:04:00: INFO Received:  KC 
19:04:00: INFO Received:  KB 
19:04:00: INFO Received:  KB 
19:04:03: INFO Received:  KD 
19:04:04: INFO Received:  KA 
19:04:05: INFO Received:  KA 
19:04:06: INFO Received:  KC 
19:04:07: INFO Received:  KB 
19:04:07: INFO Received:  KD 
19:04:08: INFO Received:  KC 
19:04:09: INFO Received:  KC 
19:04:10: INFO Received:  KB 
19:04:11: INFO Received:  KC 
19:04:41: INFO Received:  KC 
19:04:42: INFO Received:  KC 
19:04:42: INFO Received:  KC 
19:04:44: INFO Received:  KA 
19:04:44: INFO Received:  KB 
19:04:46: INFO Received:  KB 
19:04:49: INFO Received:  KC 
19:04:50: INFO Received:  KA 
19:04:50: INFO Received:  KB 
19:04:51: INFO Received:  KB 
19:04:51: INFO Received:  KB 
19:05:02: INFO Received:  KB 
19:05:03: INFO Received:  KB 
19:06:00: INFO Received:  KB 
